nohup: ignoring input
[2025-12-02 19:11:38 +0800] [13695] [INFO] Starting gunicorn 23.0.0
[2025-12-02 19:11:38 +0800] [13695] [INFO] Listening at: http://0.0.0.0:5000 (13695)
[2025-12-02 19:11:38 +0800] [13695] [INFO] Using worker: sync
[2025-12-02 19:11:38 +0800] [13701] [INFO] Booting worker with pid: 13701
[2025-12-02 19:11:38 +0800] [13705] [INFO] Booting worker with pid: 13705
[2025-12-02 19:11:38 +0800] [13707] [INFO] Booting worker with pid: 13707
[2025-12-02 19:11:38 +0800] [13712] [INFO] Booting worker with pid: 13712
[2025-12-02 20:05:55 +0800] [13695] [CRITICAL] WORKER TIMEOUT (pid:13705)
[2025-12-02 20:05:55 +0800] [13705] [ERROR] Error handling request (no URI read)
Traceback (most recent call last):
  File "/root/test2/venv/lib/python3.12/site-packages/gunicorn/workers/sync.py", line 133, in handle
    req = next(parser)
          ^^^^^^^^^^^^
  File "/root/test2/venv/lib/python3.12/site-packages/gunicorn/http/parser.py", line 41, in __next__
    self.mesg = self.mesg_class(self.cfg, self.unreader, self.source_addr, self.req_count)
                ^^^^^^^^^^^^^^^^^^^^^^^^^^^^^^^^^^^^^^^^^^^^^^^^^^^^^^^^^^^^^^^^^^^^^^^^^^
  File "/root/test2/venv/lib/python3.12/site-packages/gunicorn/http/message.py", line 259, in __init__
    super().__init__(cfg, unreader, peer_addr)
  File "/root/test2/venv/lib/python3.12/site-packages/gunicorn/http/message.py", line 60, in __init__
    unused = self.parse(self.unreader)
             ^^^^^^^^^^^^^^^^^^^^^^^^^
  File "/root/test2/venv/lib/python3.12/site-packages/gunicorn/http/message.py", line 271, in parse
    self.get_data(unreader, buf, stop=True)
  File "/root/test2/venv/lib/python3.12/site-packages/gunicorn/http/message.py", line 262, in get_data
    data = unreader.read()
           ^^^^^^^^^^^^^^^
  File "/root/test2/venv/lib/python3.12/site-packages/gunicorn/http/unreader.py", line 36, in read
    d = self.chunk()
        ^^^^^^^^^^^^
  File "/root/test2/venv/lib/python3.12/site-packages/gunicorn/http/unreader.py", line 63, in chunk
    return self.sock.recv(self.mxchunk)
           ^^^^^^^^^^^^^^^^^^^^^^^^^^^^
  File "/root/test2/venv/lib/python3.12/site-packages/gunicorn/workers/base.py", line 204, in handle_abort
    sys.exit(1)
SystemExit: 1
[2025-12-02 20:05:55 +0800] [13705] [INFO] Worker exiting (pid: 13705)
[2025-12-02 20:05:56 +0800] [70423] [INFO] Booting worker with pid: 70423
[2025-12-03 01:59:05 +0800] [13695] [CRITICAL] WORKER TIMEOUT (pid:13712)
[2025-12-03 01:59:05 +0800] [13712] [ERROR] Error handling request (no URI read)
Traceback (most recent call last):
  File "/root/test2/venv/lib/python3.12/site-packages/gunicorn/workers/sync.py", line 133, in handle
    req = next(parser)
          ^^^^^^^^^^^^
  File "/root/test2/venv/lib/python3.12/site-packages/gunicorn/http/parser.py", line 41, in __next__
    self.mesg = self.mesg_class(self.cfg, self.unreader, self.source_addr, self.req_count)
                ^^^^^^^^^^^^^^^^^^^^^^^^^^^^^^^^^^^^^^^^^^^^^^^^^^^^^^^^^^^^^^^^^^^^^^^^^^
  File "/root/test2/venv/lib/python3.12/site-packages/gunicorn/http/message.py", line 259, in __init__
    super().__init__(cfg, unreader, peer_addr)
  File "/root/test2/venv/lib/python3.12/site-packages/gunicorn/http/message.py", line 60, in __init__
    unused = self.parse(self.unreader)
             ^^^^^^^^^^^^^^^^^^^^^^^^^
  File "/root/test2/venv/lib/python3.12/site-packages/gunicorn/http/message.py", line 274, in parse
    line, rbuf = self.read_line(unreader, buf, self.limit_request_line)
                 ^^^^^^^^^^^^^^^^^^^^^^^^^^^^^^^^^^^^^^^^^^^^^^^^^^^^^^
  File "/root/test2/venv/lib/python3.12/site-packages/gunicorn/http/message.py", line 326, in read_line
    self.get_data(unreader, buf)
  File "/root/test2/venv/lib/python3.12/site-packages/gunicorn/http/message.py", line 262, in get_data
    data = unreader.read()
           ^^^^^^^^^^^^^^^
  File "/root/test2/venv/lib/python3.12/site-packages/gunicorn/http/unreader.py", line 36, in read
    d = self.chunk()
        ^^^^^^^^^^^^
  File "/root/test2/venv/lib/python3.12/site-packages/gunicorn/http/unreader.py", line 63, in chunk
    return self.sock.recv(self.mxchunk)
           ^^^^^^^^^^^^^^^^^^^^^^^^^^^^
  File "/root/test2/venv/lib/python3.12/site-packages/gunicorn/workers/base.py", line 204, in handle_abort
    sys.exit(1)
SystemExit: 1
[2025-12-03 01:59:05 +0800] [13712] [INFO] Worker exiting (pid: 13712)
[2025-12-03 01:59:05 +0800] [147787] [INFO] Booting worker with pid: 147787
[2025-12-03 08:34:00 +0800] [70423] [WARNING] Invalid request from ip=3.130.96.91: Invalid HTTP request line: 'SSH-2.0-Go'
